<?xml version="1.0" encoding="UTF-8"?>
<!-- Generated by org.testng.reporters.JUnitXMLReporter -->
<testsuite hostname="DESKTOP-UG9H2U9" ignored="1" name="Test" tests="2" failures="0" timestamp="2021-11-17T17:26:59 IST" time="7.333" errors="0">
  <testcase name="validateUserName" time="0.078" classname="TestNG.TestNGDemo"/>
  <testcase name="SendRequest" time="0.001" classname="TestNG.WebTesting"/>
  <testcase name="webLogin" time="0.0" classname="TestNG.WebTesting">
    <ignored/>
  </testcase> <!-- webLogin -->
</testsuite> <!-- Test -->
