<?xml version="1.0" encoding="UTF-8"?>
<!-- Generated by org.testng.reporters.JUnitXMLReporter -->
<testsuite hostname="DESKTOP-UG9H2U9" ignored="1" name="Test" tests="2" failures="0" timestamp="2021-11-22T14:04:04 IST" time="15.353" errors="0">
  <testcase name="validateLoginTestUsingParameter" time="3.884" classname="com.testcases.LoginPageTest"/>
  <testcase name="validateTitleTest" time="0.008" classname="com.testcases.LoginPageTest"/>
  <testcase name="validateLoginTest" time="0.0" classname="com.testcases.LoginPageTest">
    <ignored/>
  </testcase> <!-- validateLoginTest -->
</testsuite> <!-- Test -->
