<?xml version="1.0" encoding="UTF-8"?>
<testng-results skipped="0" failed="0" ignored="1" total="5" passed="4">
  <reporter-output>
  </reporter-output>
  <suite name="OrangeHRM" duration-ms="7348" started-at="2021-11-17T17:26:51 IST" finished-at="2021-11-17T17:26:59 IST">
    <groups>
      <group name="smoke">
        <method signature="MobileTesting.mobileLogin()[pri:0, instance:TestNG.MobileTesting@75881071]" name="mobileLogin" class="TestNG.MobileTesting"/>
      </group> <!-- smoke -->
    </groups>
    <test name="Test" duration-ms="7333" started-at="2021-11-17T17:26:51 IST" finished-at="2021-11-17T17:26:59 IST">
      <class name="TestNG.WebTesting">
        <test-method status="PASS" signature="moreConfig()[pri:0, instance:TestNG.WebTesting@1a3869f4]" name="moreConfig" is-config="true" duration-ms="6" started-at="2021-11-17T17:26:51 IST" finished-at="2021-11-17T17:26:51 IST">
          <reporter-output>
          </reporter-output>
        </test-method> <!-- moreConfig -->
        <test-method status="PASS" signature="SendRequest()[pri:0, instance:TestNG.WebTesting@1a3869f4]" name="SendRequest" duration-ms="1" started-at="2021-11-17T17:26:59 IST" finished-at="2021-11-17T17:26:59 IST">
          <reporter-output>
          </reporter-output>
        </test-method> <!-- SendRequest -->
      </class> <!-- TestNG.WebTesting -->
      <class name="TestNG.TestNGDemo">
        <test-method status="PASS" signature="setUp()[pri:0, instance:TestNG.TestNGDemo@631330c]" name="setUp" is-config="true" duration-ms="6600" started-at="2021-11-17T17:26:51 IST" finished-at="2021-11-17T17:26:58 IST">
          <reporter-output>
          </reporter-output>
        </test-method> <!-- setUp -->
        <test-method status="PASS" signature="validateUserName()[pri:0, instance:TestNG.TestNGDemo@631330c]" name="validateUserName" duration-ms="78" started-at="2021-11-17T17:26:58 IST" finished-at="2021-11-17T17:26:58 IST">
          <reporter-output>
          </reporter-output>
        </test-method> <!-- validateUserName -->
        <test-method status="PASS" signature="tearDown()[pri:0, instance:TestNG.TestNGDemo@631330c]" name="tearDown" is-config="true" duration-ms="614" started-at="2021-11-17T17:26:58 IST" finished-at="2021-11-17T17:26:59 IST">
          <reporter-output>
          </reporter-output>
        </test-method> <!-- tearDown -->
      </class> <!-- TestNG.TestNGDemo -->
    </test> <!-- Test -->
    <test name="Mobile Testing" duration-ms="3" started-at="2021-11-17T17:26:59 IST" finished-at="2021-11-17T17:26:59 IST">
      <class name="TestNG.MobileTesting">
        <test-method status="PASS" signature="mobileLogin()[pri:0, instance:TestNG.MobileTesting@75881071]" name="mobileLogin" duration-ms="0" started-at="2021-11-17T17:26:59 IST" finished-at="2021-11-17T17:26:59 IST">
          <reporter-output>
          </reporter-output>
        </test-method> <!-- mobileLogin -->
        <test-method status="PASS" signature="sendmobilerequest()[pri:0, instance:TestNG.MobileTesting@75881071]" name="sendmobilerequest" duration-ms="1" started-at="2021-11-17T17:26:59 IST" finished-at="2021-11-17T17:26:59 IST">
          <reporter-output>
          </reporter-output>
        </test-method> <!-- sendmobilerequest -->
      </class> <!-- TestNG.MobileTesting -->
    </test> <!-- Mobile Testing -->
  </suite> <!-- OrangeHRM -->
</testng-results>
