<?xml version="1.0" encoding="UTF-8"?>
<!-- Generated by org.testng.reporters.JUnitXMLReporter -->
<testsuite hostname="DESKTOP-UG9H2U9" ignored="3" name="Default test" tests="2" failures="0" timestamp="2021-11-23T11:36:15 IST" time="0.057" errors="0">
  <testcase name="@BeforeTest Reportsetup" time="0.006" classname="com.testcases.LoginPageTest">
    <failure type="java.lang.Error" message="Unresolved compilation problem: 
	The method ExtentReportSetup() is undefined for the type LoginPageTest
">
      <![CDATA[java.lang.Error: Unresolved compilation problem: 
The method ExtentReportSetup() is undefined for the type LoginPageTest

at com.testcases.LoginPageTest.Reportsetup(LoginPageTest.java:37)
at sun.reflect.NativeMethodAccessorImpl.invoke0(Native Method)
at sun.reflect.NativeMethodAccessorImpl.invoke(Unknown Source)
at sun.reflect.DelegatingMethodAccessorImpl.invoke(Unknown Source)
at java.lang.reflect.Method.invoke(Unknown Source)
at org.testng.internal.MethodInvocationHelper.invokeMethod(MethodInvocationHelper.java:133)
at org.testng.internal.MethodInvocationHelper.invokeMethodConsideringTimeout(MethodInvocationHelper.java:62)
at org.testng.internal.ConfigInvoker.invokeConfigurationMethod(ConfigInvoker.java:385)
at org.testng.internal.ConfigInvoker.invokeConfigurations(ConfigInvoker.java:321)
at org.testng.TestRunner.invokeTestConfigurations(TestRunner.java:637)
at org.testng.TestRunner.beforeRun(TestRunner.java:627)
at org.testng.TestRunner.run(TestRunner.java:589)
at org.testng.SuiteRunner.runTest(SuiteRunner.java:377)
at org.testng.SuiteRunner.runSequentially(SuiteRunner.java:371)
at org.testng.SuiteRunner.privateRun(SuiteRunner.java:332)
at org.testng.SuiteRunner.run(SuiteRunner.java:276)
at org.testng.SuiteRunnerWorker.runSuite(SuiteRunnerWorker.java:53)
at org.testng.SuiteRunnerWorker.run(SuiteRunnerWorker.java:96)
at org.testng.TestNG.runSuitesSequentially(TestNG.java:1212)
at org.testng.TestNG.runSuitesLocally(TestNG.java:1134)
at org.testng.TestNG.runSuites(TestNG.java:1063)
at org.testng.TestNG.run(TestNG.java:1031)
at org.testng.remote.AbstractRemoteTestNG.run(AbstractRemoteTestNG.java:115)
at org.testng.remote.RemoteTestNG.initAndRun(RemoteTestNG.java:251)
at org.testng.remote.RemoteTestNG.main(RemoteTestNG.java:77)
]]>
    </failure>
  </testcase> <!-- @BeforeTest Reportsetup -->
  <testcase name="@BeforeMethod setup" time="-1.637647575492E9" classname="com.testcases.LoginPageTest">
    <skipped/>
  </testcase> <!-- @BeforeMethod setup -->
  <testcase name="@AfterMethod closesetup" time="-1.637647575497E9" classname="com.testcases.LoginPageTest">
    <skipped/>
  </testcase> <!-- @AfterMethod closesetup -->
  <testcase name="@BeforeMethod setup" time="-1.637647575498E9" classname="com.testcases.LoginPageTest">
    <skipped/>
  </testcase> <!-- @BeforeMethod setup -->
  <testcase name="@AfterMethod closesetup" time="-1.637647575502E9" classname="com.testcases.LoginPageTest">
    <skipped/>
  </testcase> <!-- @AfterMethod closesetup -->
  <testcase name="@AfterTest GenerateReport" time="-1.637647575506E9" classname="com.testcases.LoginPageTest">
    <skipped/>
  </testcase> <!-- @AfterTest GenerateReport -->
  <testcase name="validateLoginUsingTestNGDataProvider" time="0.0" classname="com.testcases.LoginPageTest">
    <skipped/>
  </testcase> <!-- validateLoginUsingTestNGDataProvider -->
  <testcase name="validateLoginUsingTestNGDataProvider" time="0.0" classname="com.testcases.LoginPageTest">
    <skipped/>
  </testcase> <!-- validateLoginUsingTestNGDataProvider -->
  <testcase name="validateLoginTestUsingParameters" time="0.0" classname="com.testcases.LoginPageTest">
    <ignored/>
  </testcase> <!-- validateLoginTestUsingParameters -->
  <testcase name="validateTitleTest" time="0.0" classname="com.testcases.LoginPageTest">
    <ignored/>
  </testcase> <!-- validateTitleTest -->
  <testcase name="validateLoginTest" time="0.0" classname="com.testcases.LoginPageTest">
    <ignored/>
  </testcase> <!-- validateLoginTest -->
</testsuite> <!-- Default test -->
