<?xml version="1.0" encoding="UTF-8"?>
<!-- Generated by org.testng.reporters.JUnitXMLReporter -->
<testsuite hostname="DESKTOP-UG9H2U9" ignored="0" name="Default test" tests="4" failures="0" timestamp="2021-11-17T14:56:45 IST" time="30.058" errors="0">
  <testcase name="validateLoginPanel" time="0.083" classname="TestNG.TestNGAssignment"/>
  <testcase name="validateSearchAjay" time="5.865" classname="TestNG.TestNGAssignment"/>
  <testcase name="validateSearchArvind" time="5.869" classname="TestNG.TestNGAssignment"/>
  <testcase name="validateUserName" time="0.033" classname="TestNG.TestNGAssignment"/>
</testsuite> <!-- Default test -->
